{"/Users/karonpangestu/Desktop/Hactiv8/Phase 2/IP-RMT64/backend/src/db/models/User.js": {"path":"/Users/karonpangestu/Desktop/Hactiv8/Phase 2/IP-RMT64/backend/src/db/models/User.js","statementMap":{"0":{"start":{"line":1,"column":22},"end":{"line":1,"column":42}},"1":{"start":{"line":3,"column":0},"end":{"line":48,"column":1}},"2":{"start":{"line":4,"column":15},"end":{"line":45,"column":3}},"3":{"start":{"line":47,"column":2},"end":{"line":47,"column":13}}},"fnMap":{"0":{"name":"(anonymous_0)","decl":{"start":{"line":3,"column":17},"end":{"line":3,"column":18}},"loc":{"start":{"line":3,"column":32},"end":{"line":48,"column":1}},"line":3}},"branchMap":{},"s":{"0":1,"1":1,"2":1,"3":1},"f":{"0":1},"b":{},"_coverageSchema":"1a1c01bbd47fc00a2c39e90264f33305004495a9","hash":"cbe56dcde06cb349df8a55d26d3a7bae8d7f7e8b"}
,"/Users/karonpangestu/Desktop/Hactiv8/Phase 2/IP-RMT64/backend/src/routes/auth.js": {"path":"/Users/karonpangestu/Desktop/Hactiv8/Phase 2/IP-RMT64/backend/src/routes/auth.js","statementMap":{"0":{"start":{"line":1,"column":16},"end":{"line":1,"column":34}},"1":{"start":{"line":2,"column":15},"end":{"line":2,"column":31}},"2":{"start":{"line":3,"column":15},"end":{"line":3,"column":34}},"3":{"start":{"line":4,"column":20},"end":{"line":4,"column":54}},"4":{"start":{"line":5,"column":17},"end":{"line":5,"column":33}},"5":{"start":{"line":8,"column":0},"end":{"line":55,"column":2}},"6":{"start":{"line":9,"column":2},"end":{"line":54,"column":3}},"7":{"start":{"line":10,"column":42},"end":{"line":10,"column":50}},"8":{"start":{"line":13,"column":4},"end":{"line":15,"column":5}},"9":{"start":{"line":14,"column":6},"end":{"line":14,"column":70}},"10":{"start":{"line":16,"column":4},"end":{"line":18,"column":5}},"11":{"start":{"line":17,"column":6},"end":{"line":17,"column":67}},"12":{"start":{"line":19,"column":4},"end":{"line":21,"column":5}},"13":{"start":{"line":20,"column":6},"end":{"line":20,"column":70}},"14":{"start":{"line":24,"column":25},"end":{"line":24,"column":65}},"15":{"start":{"line":25,"column":4},"end":{"line":27,"column":5}},"16":{"start":{"line":26,"column":6},"end":{"line":26,"column":74}},"17":{"start":{"line":30,"column":27},"end":{"line":30,"column":58}},"18":{"start":{"line":33,"column":17},"end":{"line":38,"column":6}},"19":{"start":{"line":41,"column":18},"end":{"line":41,"column":47}},"20":{"start":{"line":43,"column":4},"end":{"line":51,"column":6}},"21":{"start":{"line":53,"column":4},"end":{"line":53,"column":15}},"22":{"start":{"line":58,"column":0},"end":{"line":66,"column":2}},"23":{"start":{"line":59,"column":2},"end":{"line":65,"column":3}},"24":{"start":{"line":60,"column":27},"end":{"line":60,"column":35}},"25":{"start":{"line":61,"column":21},"end":{"line":61,"column":66}},"26":{"start":{"line":62,"column":4},"end":{"line":62,"column":22}},"27":{"start":{"line":64,"column":4},"end":{"line":64,"column":15}},"28":{"start":{"line":69,"column":0},"end":{"line":108,"column":2}},"29":{"start":{"line":70,"column":2},"end":{"line":107,"column":3}},"30":{"start":{"line":71,"column":32},"end":{"line":71,"column":40}},"31":{"start":{"line":74,"column":4},"end":{"line":76,"column":5}},"32":{"start":{"line":75,"column":6},"end":{"line":75,"column":67}},"33":{"start":{"line":77,"column":4},"end":{"line":79,"column":5}},"34":{"start":{"line":78,"column":6},"end":{"line":78,"column":70}},"35":{"start":{"line":82,"column":17},"end":{"line":82,"column":57}},"36":{"start":{"line":83,"column":4},"end":{"line":85,"column":5}},"37":{"start":{"line":84,"column":6},"end":{"line":84,"column":69}},"38":{"start":{"line":88,"column":28},"end":{"line":88,"column":73}},"39":{"start":{"line":89,"column":4},"end":{"line":91,"column":5}},"40":{"start":{"line":90,"column":6},"end":{"line":90,"column":69}},"41":{"start":{"line":94,"column":18},"end":{"line":94,"column":47}},"42":{"start":{"line":96,"column":4},"end":{"line":104,"column":6}},"43":{"start":{"line":106,"column":4},"end":{"line":106,"column":15}},"44":{"start":{"line":111,"column":0},"end":{"line":126,"column":2}},"45":{"start":{"line":112,"column":2},"end":{"line":125,"column":3}},"46":{"start":{"line":113,"column":22},"end":{"line":113,"column":30}},"47":{"start":{"line":114,"column":17},"end":{"line":114,"column":53}},"48":{"start":{"line":115,"column":4},"end":{"line":122,"column":6}},"49":{"start":{"line":124,"column":4},"end":{"line":124,"column":15}},"50":{"start":{"line":128,"column":0},"end":{"line":128,"column":23}}},"fnMap":{"0":{"name":"(anonymous_0)","decl":{"start":{"line":8,"column":25},"end":{"line":8,"column":26}},"loc":{"start":{"line":8,"column":51},"end":{"line":55,"column":1}},"line":8},"1":{"name":"(anonymous_1)","decl":{"start":{"line":58,"column":23},"end":{"line":58,"column":24}},"loc":{"start":{"line":58,"column":49},"end":{"line":66,"column":1}},"line":58},"2":{"name":"(anonymous_2)","decl":{"start":{"line":69,"column":22},"end":{"line":69,"column":23}},"loc":{"start":{"line":69,"column":48},"end":{"line":108,"column":1}},"line":69},"3":{"name":"(anonymous_3)","decl":{"start":{"line":111,"column":23},"end":{"line":111,"column":24}},"loc":{"start":{"line":111,"column":49},"end":{"line":126,"column":1}},"line":111}},"branchMap":{"0":{"loc":{"start":{"line":13,"column":4},"end":{"line":15,"column":5}},"type":"if","locations":[{"start":{"line":13,"column":4},"end":{"line":15,"column":5}},{"start":{},"end":{}}],"line":13},"1":{"loc":{"start":{"line":13,"column":8},"end":{"line":13,"column":43}},"type":"binary-expr","locations":[{"start":{"line":13,"column":8},"end":{"line":13,"column":17}},{"start":{"line":13,"column":21},"end":{"line":13,"column":43}}],"line":13},"2":{"loc":{"start":{"line":16,"column":4},"end":{"line":18,"column":5}},"type":"if","locations":[{"start":{"line":16,"column":4},"end":{"line":18,"column":5}},{"start":{},"end":{}}],"line":16},"3":{"loc":{"start":{"line":16,"column":8},"end":{"line":16,"column":37}},"type":"binary-expr","locations":[{"start":{"line":16,"column":8},"end":{"line":16,"column":14}},{"start":{"line":16,"column":18},"end":{"line":16,"column":37}}],"line":16},"4":{"loc":{"start":{"line":19,"column":4},"end":{"line":21,"column":5}},"type":"if","locations":[{"start":{"line":19,"column":4},"end":{"line":21,"column":5}},{"start":{},"end":{}}],"line":19},"5":{"loc":{"start":{"line":19,"column":8},"end":{"line":19,"column":43}},"type":"binary-expr","locations":[{"start":{"line":19,"column":8},"end":{"line":19,"column":17}},{"start":{"line":19,"column":21},"end":{"line":19,"column":43}}],"line":19},"6":{"loc":{"start":{"line":25,"column":4},"end":{"line":27,"column":5}},"type":"if","locations":[{"start":{"line":25,"column":4},"end":{"line":27,"column":5}},{"start":{},"end":{}}],"line":25},"7":{"loc":{"start":{"line":74,"column":4},"end":{"line":76,"column":5}},"type":"if","locations":[{"start":{"line":74,"column":4},"end":{"line":76,"column":5}},{"start":{},"end":{}}],"line":74},"8":{"loc":{"start":{"line":74,"column":8},"end":{"line":74,"column":37}},"type":"binary-expr","locations":[{"start":{"line":74,"column":8},"end":{"line":74,"column":14}},{"start":{"line":74,"column":18},"end":{"line":74,"column":37}}],"line":74},"9":{"loc":{"start":{"line":77,"column":4},"end":{"line":79,"column":5}},"type":"if","locations":[{"start":{"line":77,"column":4},"end":{"line":79,"column":5}},{"start":{},"end":{}}],"line":77},"10":{"loc":{"start":{"line":77,"column":8},"end":{"line":77,"column":43}},"type":"binary-expr","locations":[{"start":{"line":77,"column":8},"end":{"line":77,"column":17}},{"start":{"line":77,"column":21},"end":{"line":77,"column":43}}],"line":77},"11":{"loc":{"start":{"line":83,"column":4},"end":{"line":85,"column":5}},"type":"if","locations":[{"start":{"line":83,"column":4},"end":{"line":85,"column":5}},{"start":{},"end":{}}],"line":83},"12":{"loc":{"start":{"line":89,"column":4},"end":{"line":91,"column":5}},"type":"if","locations":[{"start":{"line":89,"column":4},"end":{"line":91,"column":5}},{"start":{},"end":{}}],"line":89}},"s":{"0":1,"1":1,"2":1,"3":1,"4":1,"5":1,"6":5,"7":5,"8":5,"9":1,"10":4,"11":1,"12":3,"13":1,"14":2,"15":2,"16":1,"17":1,"18":1,"19":1,"20":1,"21":0,"22":1,"23":2,"24":2,"25":2,"26":0,"27":2,"28":1,"29":5,"30":5,"31":5,"32":1,"33":4,"34":1,"35":3,"36":3,"37":1,"38":2,"39":2,"40":1,"41":1,"42":1,"43":0,"44":1,"45":4,"46":4,"47":4,"48":1,"49":3,"50":1},"f":{"0":5,"1":2,"2":5,"3":4},"b":{"0":[1,4],"1":[5,4],"2":[1,3],"3":[4,3],"4":[1,2],"5":[3,2],"6":[1,1],"7":[1,4],"8":[5,4],"9":[1,3],"10":[4,3],"11":[1,2],"12":[1,1]},"_coverageSchema":"1a1c01bbd47fc00a2c39e90264f33305004495a9","hash":"343ec7d2c2811e48a1e86d159ae9f4b3c887e4d7"}
,"/Users/karonpangestu/Desktop/Hactiv8/Phase 2/IP-RMT64/backend/src/services/authService.js": {"path":"/Users/karonpangestu/Desktop/Hactiv8/Phase 2/IP-RMT64/backend/src/services/authService.js","statementMap":{"0":{"start":{"line":1,"column":25},"end":{"line":1,"column":55}},"1":{"start":{"line":2,"column":12},"end":{"line":2,"column":35}},"2":{"start":{"line":3,"column":15},"end":{"line":3,"column":34}},"3":{"start":{"line":4,"column":17},"end":{"line":4,"column":33}},"4":{"start":{"line":7,"column":15},"end":{"line":7,"column":61}},"5":{"start":{"line":11,"column":4},"end":{"line":19,"column":5}},"6":{"start":{"line":12,"column":21},"end":{"line":15,"column":8}},"7":{"start":{"line":16,"column":6},"end":{"line":16,"column":32}},"8":{"start":{"line":18,"column":6},"end":{"line":18,"column":48}},"9":{"start":{"line":23,"column":4},"end":{"line":31,"column":5}},"10":{"start":{"line":35,"column":4},"end":{"line":69,"column":5}},"11":{"start":{"line":37,"column":27},"end":{"line":39,"column":8}},"12":{"start":{"line":41,"column":6},"end":{"line":43,"column":7}},"13":{"start":{"line":42,"column":8},"end":{"line":42,"column":51}},"14":{"start":{"line":46,"column":29},"end":{"line":46,"column":69}},"15":{"start":{"line":49,"column":19},"end":{"line":53,"column":8}},"16":{"start":{"line":56,"column":20},"end":{"line":56,"column":42}},"17":{"start":{"line":58,"column":6},"end":{"line":66,"column":7}},"18":{"start":{"line":68,"column":6},"end":{"line":68,"column":17}},"19":{"start":{"line":73,"column":4},"end":{"line":102,"column":5}},"20":{"start":{"line":75,"column":22},"end":{"line":75,"column":62}},"21":{"start":{"line":78,"column":21},"end":{"line":86,"column":8}},"22":{"start":{"line":89,"column":20},"end":{"line":89,"column":42}},"23":{"start":{"line":91,"column":6},"end":{"line":99,"column":7}},"24":{"start":{"line":101,"column":6},"end":{"line":101,"column":17}},"25":{"start":{"line":106,"column":4},"end":{"line":133,"column":5}},"26":{"start":{"line":108,"column":19},"end":{"line":108,"column":59}},"27":{"start":{"line":109,"column":6},"end":{"line":111,"column":7}},"28":{"start":{"line":110,"column":8},"end":{"line":110,"column":46}},"29":{"start":{"line":114,"column":30},"end":{"line":114,"column":75}},"30":{"start":{"line":115,"column":6},"end":{"line":117,"column":7}},"31":{"start":{"line":116,"column":8},"end":{"line":116,"column":46}},"32":{"start":{"line":120,"column":20},"end":{"line":120,"column":42}},"33":{"start":{"line":122,"column":6},"end":{"line":130,"column":7}},"34":{"start":{"line":132,"column":6},"end":{"line":132,"column":17}},"35":{"start":{"line":137,"column":4},"end":{"line":148,"column":5}},"36":{"start":{"line":138,"column":22},"end":{"line":138,"column":63}},"37":{"start":{"line":139,"column":19},"end":{"line":139,"column":50}},"38":{"start":{"line":141,"column":6},"end":{"line":143,"column":7}},"39":{"start":{"line":142,"column":8},"end":{"line":142,"column":41}},"40":{"start":{"line":145,"column":6},"end":{"line":145,"column":17}},"41":{"start":{"line":147,"column":6},"end":{"line":147,"column":38}},"42":{"start":{"line":152,"column":0},"end":{"line":152,"column":28}}},"fnMap":{"0":{"name":"(anonymous_0)","decl":{"start":{"line":10,"column":2},"end":{"line":10,"column":3}},"loc":{"start":{"line":10,"column":45},"end":{"line":20,"column":3}},"line":10},"1":{"name":"(anonymous_1)","decl":{"start":{"line":22,"column":2},"end":{"line":22,"column":3}},"loc":{"start":{"line":22,"column":27},"end":{"line":32,"column":3}},"line":22},"2":{"name":"(anonymous_2)","decl":{"start":{"line":34,"column":2},"end":{"line":34,"column":3}},"loc":{"start":{"line":34,"column":38},"end":{"line":70,"column":3}},"line":34},"3":{"name":"(anonymous_3)","decl":{"start":{"line":72,"column":2},"end":{"line":72,"column":3}},"loc":{"start":{"line":72,"column":43},"end":{"line":103,"column":3}},"line":72},"4":{"name":"(anonymous_4)","decl":{"start":{"line":105,"column":2},"end":{"line":105,"column":3}},"loc":{"start":{"line":105,"column":47},"end":{"line":134,"column":3}},"line":105},"5":{"name":"(anonymous_5)","decl":{"start":{"line":136,"column":2},"end":{"line":136,"column":3}},"loc":{"start":{"line":136,"column":34},"end":{"line":149,"column":3}},"line":136}},"branchMap":{"0":{"loc":{"start":{"line":41,"column":6},"end":{"line":43,"column":7}},"type":"if","locations":[{"start":{"line":41,"column":6},"end":{"line":43,"column":7}},{"start":{},"end":{}}],"line":41},"1":{"loc":{"start":{"line":109,"column":6},"end":{"line":111,"column":7}},"type":"if","locations":[{"start":{"line":109,"column":6},"end":{"line":111,"column":7}},{"start":{},"end":{}}],"line":109},"2":{"loc":{"start":{"line":115,"column":6},"end":{"line":117,"column":7}},"type":"if","locations":[{"start":{"line":115,"column":6},"end":{"line":117,"column":7}},{"start":{},"end":{}}],"line":115},"3":{"loc":{"start":{"line":141,"column":6},"end":{"line":143,"column":7}},"type":"if","locations":[{"start":{"line":141,"column":6},"end":{"line":143,"column":7}},{"start":{},"end":{}}],"line":141}},"s":{"0":1,"1":1,"2":1,"3":1,"4":1,"5":2,"6":2,"7":0,"8":2,"9":2,"10":0,"11":0,"12":0,"13":0,"14":0,"15":0,"16":0,"17":0,"18":0,"19":2,"20":2,"21":0,"22":0,"23":0,"24":2,"25":0,"26":0,"27":0,"28":0,"29":0,"30":0,"31":0,"32":0,"33":0,"34":0,"35":4,"36":4,"37":1,"38":1,"39":0,"40":1,"41":3,"42":1},"f":{"0":2,"1":2,"2":0,"3":2,"4":0,"5":4},"b":{"0":[0,0],"1":[0,0],"2":[0,0],"3":[0,1]},"_coverageSchema":"1a1c01bbd47fc00a2c39e90264f33305004495a9","hash":"45bdfa97bc0b95013c326b42c93b87c59ac6b907"}
}
