TN:
SF:src/db/models/User.js
FN:3,(anonymous_0)
FNF:1
FNH:1
FNDA:1,(anonymous_0)
DA:1,1
DA:3,1
DA:4,1
DA:47,1
LF:4
LH:4
BRF:0
BRH:0
end_of_record
TN:
SF:src/routes/auth.js
FN:8,(anonymous_0)
FN:58,(anonymous_1)
FN:69,(anonymous_2)
FN:111,(anonymous_3)
FNF:4
FNH:4
FNDA:5,(anonymous_0)
FNDA:2,(anonymous_1)
FNDA:5,(anonymous_2)
FNDA:4,(anonymous_3)
DA:1,1
DA:2,1
DA:3,1
DA:4,1
DA:5,1
DA:8,1
DA:9,5
DA:10,5
DA:13,5
DA:14,1
DA:16,4
DA:17,1
DA:19,3
DA:20,1
DA:24,2
DA:25,2
DA:26,1
DA:30,1
DA:33,1
DA:41,1
DA:43,1
DA:53,0
DA:58,1
DA:59,2
DA:60,2
DA:61,2
DA:62,0
DA:64,2
DA:69,1
DA:70,5
DA:71,5
DA:74,5
DA:75,1
DA:77,4
DA:78,1
DA:82,3
DA:83,3
DA:84,1
DA:88,2
DA:89,2
DA:90,1
DA:94,1
DA:96,1
DA:106,0
DA:111,1
DA:112,4
DA:113,4
DA:114,4
DA:115,1
DA:124,3
DA:128,1
LF:51
LH:48
BRDA:13,0,0,1
BRDA:13,0,1,4
BRDA:13,1,0,5
BRDA:13,1,1,4
BRDA:16,2,0,1
BRDA:16,2,1,3
BRDA:16,3,0,4
BRDA:16,3,1,3
BRDA:19,4,0,1
BRDA:19,4,1,2
BRDA:19,5,0,3
BRDA:19,5,1,2
BRDA:25,6,0,1
BRDA:25,6,1,1
BRDA:74,7,0,1
BRDA:74,7,1,4
BRDA:74,8,0,5
BRDA:74,8,1,4
BRDA:77,9,0,1
BRDA:77,9,1,3
BRDA:77,10,0,4
BRDA:77,10,1,3
BRDA:83,11,0,1
BRDA:83,11,1,2
BRDA:89,12,0,1
BRDA:89,12,1,1
BRF:26
BRH:26
end_of_record
TN:
SF:src/services/authService.js
FN:10,(anonymous_0)
FN:22,(anonymous_1)
FN:34,(anonymous_2)
FN:72,(anonymous_3)
FN:105,(anonymous_4)
FN:136,(anonymous_5)
FNF:6
FNH:4
FNDA:2,(anonymous_0)
FNDA:2,(anonymous_1)
FNDA:0,(anonymous_2)
FNDA:2,(anonymous_3)
FNDA:0,(anonymous_4)
FNDA:4,(anonymous_5)
DA:1,1
DA:2,1
DA:3,1
DA:4,1
DA:7,1
DA:11,2
DA:12,2
DA:16,0
DA:18,2
DA:23,2
DA:35,0
DA:37,0
DA:41,0
DA:42,0
DA:46,0
DA:49,0
DA:56,0
DA:58,0
DA:68,0
DA:73,2
DA:75,2
DA:78,0
DA:89,0
DA:91,0
DA:101,2
DA:106,0
DA:108,0
DA:109,0
DA:110,0
DA:114,0
DA:115,0
DA:116,0
DA:120,0
DA:122,0
DA:132,0
DA:137,4
DA:138,4
DA:139,1
DA:141,1
DA:142,0
DA:145,1
DA:147,3
DA:152,1
LF:43
LH:19
BRDA:41,0,0,0
BRDA:41,0,1,0
BRDA:109,1,0,0
BRDA:109,1,1,0
BRDA:115,2,0,0
BRDA:115,2,1,0
BRDA:141,3,0,0
BRDA:141,3,1,1
BRF:8
BRH:1
end_of_record
